[1204/223611.181:ERROR:process_reader_win.cc(151)] SuspendThread: Access is denied. (0x5)
[1204/223611.182:ERROR:process_reader_win.cc(151)] SuspendThread: Access is denied. (0x5)
[1204/223611.182:ERROR:process_reader_win.cc(151)] SuspendThread: Access is denied. (0x5)
[1204/223611.182:ERROR:process_reader_win.cc(151)] SuspendThread: Access is denied. (0x5)
[1204/223611.182:ERROR:process_reader_win.cc(151)] SuspendThread: Access is denied. (0x5)
[1204/223611.182:ERROR:process_reader_win.cc(151)] SuspendThread: Access is denied. (0x5)
[1204/223611.182:ERROR:process_reader_win.cc(151)] SuspendThread: Access is denied. (0x5)
[1204/223611.182:ERROR:process_reader_win.cc(151)] SuspendThread: Access is denied. (0x5)
[1204/223611.182:ERROR:process_reader_win.cc(151)] SuspendThread: Access is denied. (0x5)
[1204/223611.183:ERROR:process_reader_win.cc(151)] SuspendThread: Access is denied. (0x5)
[1204/223611.183:ERROR:process_reader_win.cc(151)] SuspendThread: Access is denied. (0x5)
[1204/223611.183:ERROR:process_reader_win.cc(151)] SuspendThread: Access is denied. (0x5)
[1204/223611.183:ERROR:process_reader_win.cc(151)] SuspendThread: Access is denied. (0x5)
[1204/223611.202:ERROR:process_reader_win.cc(151)] SuspendThread: Access is denied. (0x5)
[1204/223611.203:ERROR:process_reader_win.cc(151)] SuspendThread: Access is denied. (0x5)
[1204/223611.203:ERROR:process_reader_win.cc(151)] SuspendThread: Access is denied. (0x5)
[1204/223611.203:ERROR:process_reader_win.cc(151)] SuspendThread: Access is denied. (0x5)
[1204/223611.203:ERROR:process_reader_win.cc(151)] SuspendThread: Access is denied. (0x5)
[1204/223611.203:ERROR:process_reader_win.cc(151)] SuspendThread: Access is denied. (0x5)
[1204/223611.203:ERROR:process_reader_win.cc(151)] SuspendThread: Access is denied. (0x5)
[1204/223611.203:ERROR:process_reader_win.cc(151)] SuspendThread: Access is denied. (0x5)
[1204/223611.203:ERROR:process_reader_win.cc(151)] SuspendThread: Access is denied. (0x5)
[1204/223611.214:ERROR:process_reader_win.cc(123)] NtOpenThread: {Access Denied} A process has requested access to an object, but has not been granted those access rights. (0xc0000022)
[1204/223611.203:ERROR:process_reader_win.cc(123)] NtOpenThread: {Access Denied} A process has requested access to an object, but has not been granted those access rights. (0xc0000022)
[1204/223611.183:ERROR:process_reader_win.cc(123)] NtOpenThread: {Access Denied} A process has requested access to an object, but has not been granted those access rights. (0xc0000022)
[1204/223611.221:ERROR:exception_snapshot_win.cc(99)] thread ID 9040 not found in process
[1204/223611.221:ERROR:exception_snapshot_win.cc(99)] thread ID 1052 not found in process
[1204/223611.221:ERROR:exception_snapshot_win.cc(99)] thread ID 4012 not found in process
[1205/135302.252:INFO:CONSOLE(1)] "Long rAF frame-time", source: file:///C:/Program%20Files/Adobe/Adobe%20Photoshop%202020/Required/www-rich-tooltips/build/external.js (1)
[1205/135330.367:ERROR:media_internals.cc(112)] Cannot get RenderProcessHost
